Release 14.7 - xst P.20131013 (lin64)
Copyright (c) 1995-2013 Xilinx, Inc.  All rights reserved.
--> 
Parameter TMPDIR set to xst/projnav.tmp


Total REAL time to Xst completion: 0.00 secs
Total CPU time to Xst completion: 0.04 secs
 
--> 
Parameter xsthdpdir set to xst


Total REAL time to Xst completion: 0.00 secs
Total CPU time to Xst completion: 0.04 secs
 
--> 
Reading design: microprocessor.prj

TABLE OF CONTENTS
  1) Synthesis Options Summary
  2) HDL Compilation
  3) Design Hierarchy Analysis
  4) HDL Analysis
  5) HDL Synthesis
     5.1) HDL Synthesis Report
  6) Advanced HDL Synthesis
     6.1) Advanced HDL Synthesis Report
  7) Low Level Synthesis
  8) Partition Report
  9) Final Report
	9.1) Device utilization summary
	9.2) Partition Resource Summary
	9.3) TIMING REPORT


=========================================================================
*                      Synthesis Options Summary                        *
=========================================================================
---- Source Parameters
Input File Name                    : "microprocessor.prj"
Input Format                       : mixed
Ignore Synthesis Constraint File   : NO

---- Target Parameters
Output File Name                   : "microprocessor"
Output Format                      : NGC
Target Device                      : xc3s50an-4-tqg144

---- Source Options
Top Module Name                    : microprocessor
Automatic FSM Extraction           : YES
FSM Encoding Algorithm             : Auto
Safe Implementation                : No
FSM Style                          : LUT
RAM Extraction                     : Yes
RAM Style                          : Auto
ROM Extraction                     : Yes
Mux Style                          : Auto
Decoder Extraction                 : YES
Priority Encoder Extraction        : Yes
Shift Register Extraction          : YES
Logical Shifter Extraction         : YES
XOR Collapsing                     : YES
ROM Style                          : Auto
Mux Extraction                     : Yes
Resource Sharing                   : YES
Asynchronous To Synchronous        : NO
Multiplier Style                   : Auto
Automatic Register Balancing       : No

---- Target Options
Add IO Buffers                     : YES
Global Maximum Fanout              : 100000
Add Generic Clock Buffer(BUFG)     : 24
Register Duplication               : YES
Slice Packing                      : YES
Optimize Instantiated Primitives   : NO
Use Clock Enable                   : Yes
Use Synchronous Set                : Yes
Use Synchronous Reset              : Yes
Pack IO Registers into IOBs        : Auto
Equivalent register Removal        : YES

---- General Options
Optimization Goal                  : Speed
Optimization Effort                : 1
Keep Hierarchy                     : No
Netlist Hierarchy                  : As_Optimized
RTL Output                         : Yes
Global Optimization                : AllClockNets
Read Cores                         : YES
Write Timing Constraints           : NO
Cross Clock Analysis               : NO
Hierarchy Separator                : /
Bus Delimiter                      : <>
Case Specifier                     : Maintain
Slice Utilization Ratio            : 100
BRAM Utilization Ratio             : 100
Verilog 2001                       : YES
Auto BRAM Packing                  : NO
Slice Utilization Ratio Delta      : 5

=========================================================================


=========================================================================
*                          HDL Compilation                              *
=========================================================================
Compiling verilog file "signextend.v" in library work
Compiling verilog file "register.v" in library work
Module <signextend> compiled
Compiling verilog file "pc.v" in library work
Module <register> compiled
Compiling verilog file "mux8.v" in library work
Module <pc> compiled
Compiling verilog file "mux.v" in library work
Module <mux8> compiled
Compiling verilog file "memory.v" in library work
Module <mux> compiled
Compiling verilog file "control.v" in library work
Module <memory> compiled
Compiling verilog file "clk.v" in library work
Module <control> compiled
Compiling verilog file "Bcount.v" in library work
Module <clk> compiled
Compiling verilog file "BCDto7.v" in library work
Module <Bcount> compiled
Compiling verilog file "alu.v" in library work
Module <BCDto7> compiled
Compiling verilog file "add.v" in library work
Module <alu> compiled
Compiling verilog file "microprocessor.v" in library work
Module <add> compiled
Module <microprocessor> compiled
No errors in compilation
Analysis of file <"microprocessor.prj"> succeeded.
 

=========================================================================
*                     Design Hierarchy Analysis                         *
=========================================================================
Analyzing hierarchy for module <microprocessor> in library <work>.

Analyzing hierarchy for module <clk> in library <work>.

Analyzing hierarchy for module <pc> in library <work>.

Analyzing hierarchy for module <control> in library <work>.

Analyzing hierarchy for module <memory> in library <work>.

Analyzing hierarchy for module <register> in library <work>.

Analyzing hierarchy for module <alu> in library <work>.

Analyzing hierarchy for module <mux8> in library <work>.

Analyzing hierarchy for module <mux> in library <work>.

Analyzing hierarchy for module <add> in library <work>.

Analyzing hierarchy for module <BCDto7> in library <work>.

Analyzing hierarchy for module <signextend> in library <work>.

Analyzing hierarchy for module <Bcount> in library <work>.


=========================================================================
*                            HDL Analysis                               *
=========================================================================
Analyzing top module <microprocessor>.
Module <microprocessor> is correct for synthesis.
 
Analyzing module <clk> in library <work>.
Module <clk> is correct for synthesis.
 
Analyzing module <pc> in library <work>.
Module <pc> is correct for synthesis.
 
Analyzing module <control> in library <work>.
Module <control> is correct for synthesis.
 
Analyzing module <memory> in library <work>.
Module <memory> is correct for synthesis.
 
Analyzing module <register> in library <work>.
Module <register> is correct for synthesis.
 
Analyzing module <alu> in library <work>.
Module <alu> is correct for synthesis.
 
Analyzing module <mux8> in library <work>.
Module <mux8> is correct for synthesis.
 
Analyzing module <mux> in library <work>.
Module <mux> is correct for synthesis.
 
Analyzing module <add> in library <work>.
Module <add> is correct for synthesis.
 
Analyzing module <BCDto7> in library <work>.
Module <BCDto7> is correct for synthesis.
 
Analyzing module <signextend> in library <work>.
Module <signextend> is correct for synthesis.
 
Analyzing module <Bcount> in library <work>.
Module <Bcount> is correct for synthesis.
 

=========================================================================
*                           HDL Synthesis                               *
=========================================================================

Performing bidirectional port resolution...
INFO:Xst:2679 - Register <i> in unit <memory> has a constant value of 10000 during circuit operation. The register is replaced by logic.

Synthesizing Unit <clk>.
    Related source file is "clk.v".
    Found 1-bit register for signal <clkout>.
    Found 32-bit up counter for signal <cnt>.
    Summary:
	inferred   1 Counter(s).
	inferred   1 D-type flip-flop(s).
Unit <clk> synthesized.


Synthesizing Unit <pc>.
    Related source file is "pc.v".
    Found 8-bit register for signal <out>.
    Summary:
	inferred   8 D-type flip-flop(s).
Unit <pc> synthesized.


Synthesizing Unit <control>.
    Related source file is "control.v".
    Found 4x8-bit ROM for signal <out>.
    Summary:
	inferred   1 ROM(s).
Unit <control> synthesized.


Synthesizing Unit <memory>.
    Related source file is "memory.v".
WARNING:Xst:647 - Input <read> is never used. This port will be preserved and left unconnected if it belongs to a top-level block or it belongs to a sub-block and the hierarchy of this sub-block is preserved.
WARNING:Xst:647 - Input <address<7:5>> is never used. This port will be preserved and left unconnected if it belongs to a top-level block or it belongs to a sub-block and the hierarchy of this sub-block is preserved.
    Found 256-bit register for signal <data>.
INFO:Xst:738 - HDL ADVISOR - 256 flip-flops were inferred for signal <data>. You may be trying to describe a RAM in a way that is incompatible with block and distributed RAM resources available on Xilinx devices, or with a specific template that is not supported. Please review the Xilinx resources documentation and the XST user manual for coding guidelines. Taking advantage of RAM resources will lead to improved device usage and reduced synthesis time.
    Summary:
	inferred  24 D-type flip-flop(s).
	inferred   8 Multiplexer(s).
Unit <memory> synthesized.


Synthesizing Unit <register>.
    Related source file is "register.v".
    Found 32-bit register for signal <regist>.
    Summary:
	inferred  32 D-type flip-flop(s).
	inferred  16 Multiplexer(s).
Unit <register> synthesized.


Synthesizing Unit <alu>.
    Related source file is "alu.v".
    Found 8-bit adder for signal <out>.
    Summary:
	inferred   1 Adder/Subtractor(s).
Unit <alu> synthesized.


Synthesizing Unit <mux8>.
    Related source file is "mux8.v".
Unit <mux8> synthesized.


Synthesizing Unit <mux>.
    Related source file is "mux.v".
Unit <mux> synthesized.


Synthesizing Unit <add>.
    Related source file is "add.v".
    Found 8-bit adder for signal <out>.
    Summary:
	inferred   1 Adder/Subtractor(s).
Unit <add> synthesized.


Synthesizing Unit <BCDto7>.
    Related source file is "BCDto7.v".
    Found 16x7-bit ROM for signal <seg>.
    Summary:
	inferred   1 ROM(s).
Unit <BCDto7> synthesized.


Synthesizing Unit <signextend>.
    Related source file is "signextend.v".
    Found 4x8-bit ROM for signal <out>.
    Summary:
	inferred   1 ROM(s).
Unit <signextend> synthesized.


Synthesizing Unit <Bcount>.
    Related source file is "Bcount.v".
    Found 6-bit up counter for signal <LED>.
    Summary:
	inferred   1 Counter(s).
Unit <Bcount> synthesized.


Synthesizing Unit <microprocessor>.
    Related source file is "microprocessor.v".
WARNING:Xst:646 - Signal <cu<3>> is assigned but never used. This unconnected signal will be trimmed during the optimization process.
WARNING:Xst:1780 - Signal <_rd> is never used or assigned. This unconnected signal will be trimmed during the optimization process.
Unit <microprocessor> synthesized.


=========================================================================
HDL Synthesis Report

Macro Statistics
# ROMs                                                 : 4
 16x7-bit ROM                                          : 2
 4x8-bit ROM                                           : 2
# Adders/Subtractors                                   : 3
 8-bit adder                                           : 3
# Counters                                             : 2
 32-bit up counter                                     : 1
 6-bit up counter                                      : 1
# Registers                                            : 38
 1-bit register                                        : 1
 8-bit register                                        : 37
# Multiplexers                                         : 3
 8-bit 32-to-1 multiplexer                             : 1
 8-bit 4-to-1 multiplexer                              : 2

=========================================================================

=========================================================================
*                       Advanced HDL Synthesis                          *
=========================================================================


Synthesizing (advanced) Unit <microprocessor>.
The following registers are absorbed into counter <PC/out>: 1 register on signal <PC/out>.
Unit <microprocessor> synthesized (advanced).

=========================================================================
Advanced HDL Synthesis Report

Macro Statistics
# ROMs                                                 : 4
 16x7-bit ROM                                          : 2
 4x8-bit ROM                                           : 2
# Adders/Subtractors                                   : 3
 8-bit adder                                           : 3
# Counters                                             : 3
 32-bit up counter                                     : 1
 6-bit up counter                                      : 1
 8-bit up counter                                      : 1
# Registers                                            : 289
 Flip-Flops                                            : 289
# Multiplexers                                         : 17
 1-bit 4-to-1 multiplexer                              : 16
 8-bit 32-to-1 multiplexer                             : 1

=========================================================================

=========================================================================
*                         Low Level Synthesis                           *
=========================================================================

Optimizing unit <microprocessor> ...

Optimizing unit <register> ...

Optimizing unit <memory> ...

Mapping all equations...
Building and optimizing final netlist ...
Found area constraint ratio of 100 (+ 5) on block microprocessor, actual ratio is 40.

Final Macro Processing ...

=========================================================================
Final Register Report

Macro Statistics
# Registers                                            : 335
 Flip-Flops                                            : 335

=========================================================================

=========================================================================
*                           Partition Report                            *
=========================================================================

Partition Implementation Status
-------------------------------

  No Partitions were found in this design.

-------------------------------

=========================================================================
*                            Final Report                               *
=========================================================================
Final Results
RTL Top Level Output File Name     : microprocessor.ngr
Top Level Output File Name         : microprocessor
Output Format                      : NGC
Optimization Goal                  : Speed
Keep Hierarchy                     : No

Design Statistics
# IOs                              : 38

Cell Usage :
# BELS                             : 561
#      GND                         : 1
#      INV                         : 3
#      LUT1                        : 31
#      LUT2                        : 18
#      LUT3                        : 198
#      LUT4                        : 50
#      LUT4_D                      : 8
#      MUXCY                       : 60
#      MUXF5                       : 80
#      MUXF6                       : 32
#      MUXF7                       : 16
#      MUXF8                       : 7
#      VCC                         : 1
#      XORCY                       : 56
# FlipFlops/Latches                : 335
#      FDC                         : 14
#      FDCE                        : 164
#      FDE                         : 1
#      FDPE                        : 124
#      FDR                         : 32
# Clock Buffers                    : 2
#      BUFG                        : 1
#      BUFGP                       : 1
# IO Buffers                       : 37
#      IBUF                        : 9
#      OBUF                        : 28
=========================================================================

Device utilization summary:
---------------------------

Selected Device : 3s50antqg144-4 

 Number of Slices:                      289  out of    704    41%  
 Number of Slice Flip Flops:            335  out of   1408    23%  
 Number of 4 input LUTs:                308  out of   1408    21%  
 Number of IOs:                          38
 Number of bonded IOBs:                  38  out of    108    35%  
 Number of GCLKs:                         2  out of     24     8%  

---------------------------
Partition Resource Summary:
---------------------------

  No Partitions were found in this design.

---------------------------


=========================================================================
TIMING REPORT

NOTE: THESE TIMING NUMBERS ARE ONLY A SYNTHESIS ESTIMATE.
      FOR ACCURATE TIMING INFORMATION PLEASE REFER TO THE TRACE REPORT
      GENERATED AFTER PLACE-and-ROUTE.

Clock Information:
------------------
-----------------------------------+------------------------+-------+
Clock Signal                       | Clock buffer(FF name)  | Load  |
-----------------------------------+------------------------+-------+
_clk                               | BUFGP                  | 33    |
CLOCK/clkout1                      | BUFG                   | 302   |
-----------------------------------+------------------------+-------+

Asynchronous Control Signals Information:
----------------------------------------
-----------------------------------+------------------------+-------+
Control Signal                     | Buffer(FF name)        | Load  |
-----------------------------------+------------------------+-------+
reset                              | IBUF                   | 302   |
-----------------------------------+------------------------+-------+

Timing Summary:
---------------
Speed Grade: -4

   Minimum period: 10.797ns (Maximum Frequency: 92.621MHz)
   Minimum input arrival time before clock: 11.727ns
   Maximum output required time after clock: 17.209ns
   Maximum combinational path delay: 18.139ns

Timing Detail:
--------------
All values displayed in nanoseconds (ns)

=========================================================================
Timing constraint: Default period analysis for Clock '_clk'
  Clock period: 5.442ns (frequency: 183.756MHz)
  Total number of paths / destination ports: 1585 / 66
-------------------------------------------------------------------------
Delay:               5.442ns (Levels of Logic = 32)
  Source:            CLOCK/cnt_1 (FF)
  Destination:       CLOCK/cnt_31 (FF)
  Source Clock:      _clk rising
  Destination Clock: _clk rising

  Data Path: CLOCK/cnt_1 to CLOCK/cnt_31
                                Gate     Net
    Cell:in->out      fanout   Delay   Delay  Logical Name (Net Name)
    ----------------------------------------  ------------
     FDR:C->Q              2   0.591   0.590  CLOCK/cnt_1 (CLOCK/cnt_1)
     LUT1:I0->O            1   0.648   0.000  CLOCK/Mcount_cnt_cy<1>_rt (CLOCK/Mcount_cnt_cy<1>_rt)
     MUXCY:S->O            1   0.632   0.000  CLOCK/Mcount_cnt_cy<1> (CLOCK/Mcount_cnt_cy<1>)
     MUXCY:CI->O           1   0.065   0.000  CLOCK/Mcount_cnt_cy<2> (CLOCK/Mcount_cnt_cy<2>)
     MUXCY:CI->O           1   0.065   0.000  CLOCK/Mcount_cnt_cy<3> (CLOCK/Mcount_cnt_cy<3>)
     MUXCY:CI->O           1   0.065   0.000  CLOCK/Mcount_cnt_cy<4> (CLOCK/Mcount_cnt_cy<4>)
     MUXCY:CI->O           1   0.065   0.000  CLOCK/Mcount_cnt_cy<5> (CLOCK/Mcount_cnt_cy<5>)
     MUXCY:CI->O           1   0.065   0.000  CLOCK/Mcount_cnt_cy<6> (CLOCK/Mcount_cnt_cy<6>)
     MUXCY:CI->O           1   0.065   0.000  CLOCK/Mcount_cnt_cy<7> (CLOCK/Mcount_cnt_cy<7>)
     MUXCY:CI->O           1   0.065   0.000  CLOCK/Mcount_cnt_cy<8> (CLOCK/Mcount_cnt_cy<8>)
     MUXCY:CI->O           1   0.065   0.000  CLOCK/Mcount_cnt_cy<9> (CLOCK/Mcount_cnt_cy<9>)
     MUXCY:CI->O           1   0.065   0.000  CLOCK/Mcount_cnt_cy<10> (CLOCK/Mcount_cnt_cy<10>)
     MUXCY:CI->O           1   0.065   0.000  CLOCK/Mcount_cnt_cy<11> (CLOCK/Mcount_cnt_cy<11>)
     MUXCY:CI->O           1   0.065   0.000  CLOCK/Mcount_cnt_cy<12> (CLOCK/Mcount_cnt_cy<12>)
     MUXCY:CI->O           1   0.065   0.000  CLOCK/Mcount_cnt_cy<13> (CLOCK/Mcount_cnt_cy<13>)
     MUXCY:CI->O           1   0.065   0.000  CLOCK/Mcount_cnt_cy<14> (CLOCK/Mcount_cnt_cy<14>)
     MUXCY:CI->O           1   0.065   0.000  CLOCK/Mcount_cnt_cy<15> (CLOCK/Mcount_cnt_cy<15>)
     MUXCY:CI->O           1   0.065   0.000  CLOCK/Mcount_cnt_cy<16> (CLOCK/Mcount_cnt_cy<16>)
     MUXCY:CI->O           1   0.065   0.000  CLOCK/Mcount_cnt_cy<17> (CLOCK/Mcount_cnt_cy<17>)
     MUXCY:CI->O           1   0.065   0.000  CLOCK/Mcount_cnt_cy<18> (CLOCK/Mcount_cnt_cy<18>)
     MUXCY:CI->O           1   0.065   0.000  CLOCK/Mcount_cnt_cy<19> (CLOCK/Mcount_cnt_cy<19>)
     MUXCY:CI->O           1   0.065   0.000  CLOCK/Mcount_cnt_cy<20> (CLOCK/Mcount_cnt_cy<20>)
     MUXCY:CI->O           1   0.065   0.000  CLOCK/Mcount_cnt_cy<21> (CLOCK/Mcount_cnt_cy<21>)
     MUXCY:CI->O           1   0.065   0.000  CLOCK/Mcount_cnt_cy<22> (CLOCK/Mcount_cnt_cy<22>)
     MUXCY:CI->O           1   0.065   0.000  CLOCK/Mcount_cnt_cy<23> (CLOCK/Mcount_cnt_cy<23>)
     MUXCY:CI->O           1   0.065   0.000  CLOCK/Mcount_cnt_cy<24> (CLOCK/Mcount_cnt_cy<24>)
     MUXCY:CI->O           1   0.065   0.000  CLOCK/Mcount_cnt_cy<25> (CLOCK/Mcount_cnt_cy<25>)
     MUXCY:CI->O           1   0.065   0.000  CLOCK/Mcount_cnt_cy<26> (CLOCK/Mcount_cnt_cy<26>)
     MUXCY:CI->O           1   0.065   0.000  CLOCK/Mcount_cnt_cy<27> (CLOCK/Mcount_cnt_cy<27>)
     MUXCY:CI->O           1   0.065   0.000  CLOCK/Mcount_cnt_cy<28> (CLOCK/Mcount_cnt_cy<28>)
     MUXCY:CI->O           1   0.065   0.000  CLOCK/Mcount_cnt_cy<29> (CLOCK/Mcount_cnt_cy<29>)
     MUXCY:CI->O           0   0.065   0.000  CLOCK/Mcount_cnt_cy<30> (CLOCK/Mcount_cnt_cy<30>)
     XORCY:CI->O           1   0.844   0.000  CLOCK/Mcount_cnt_xor<31> (Result<31>)
     FDR:D                     0.252          CLOCK/cnt_31
    ----------------------------------------
    Total                      5.442ns (4.852ns logic, 0.590ns route)
                                       (89.2% logic, 10.8% route)

=========================================================================
Timing constraint: Default period analysis for Clock 'CLOCK/clkout1'
  Clock period: 10.797ns (frequency: 92.621MHz)
  Total number of paths / destination ports: 62481 / 558
-------------------------------------------------------------------------
Delay:               10.797ns (Levels of Logic = 11)
  Source:            REG/regist_0_0 (FF)
  Destination:       REG/regist_3_7 (FF)
  Source Clock:      CLOCK/clkout1 rising
  Destination Clock: CLOCK/clkout1 rising

  Data Path: REG/regist_0_0 to REG/regist_3_7
                                Gate     Net
    Cell:in->out      fanout   Delay   Delay  Logical Name (Net Name)
    ----------------------------------------  ------------
     FDCE:C->Q             2   0.591   0.527  REG/regist_0_0 (REG/regist_0_0)
     LUT3:I1->O            1   0.643   0.000  REG/mux8_2_f5_F (N12)
     MUXF5:I0->O          33   0.276   1.266  REG/mux8_2_f5 (_rd2<0>)
     LUT4:I3->O            1   0.648   0.500  ALUMUX/T<0>1 (alu_b<0>)
     LUT2:I1->O            1   0.643   0.000  ALU/Madd_out_lut<0> (ALU/Madd_out_lut<0>)
     MUXCY:S->O            1   0.632   0.000  ALU/Madd_out_cy<0> (ALU/Madd_out_cy<0>)
     XORCY:CI->O          73   0.844   1.275  ALU/Madd_out_xor<1> (alu_c<1>)
     MUXF5:S->O            1   0.756   0.000  MEM/Mmux__COND_1_5_f5 (MEM/Mmux__COND_1_5_f5)
     MUXF6:I1->O           1   0.291   0.000  MEM/Mmux__COND_1_4_f6 (MEM/Mmux__COND_1_4_f6)
     MUXF7:I1->O           1   0.291   0.000  MEM/Mmux__COND_1_3_f7 (MEM/Mmux__COND_1_3_f7)
     MUXF8:I1->O           1   0.291   0.423  MEM/Mmux__COND_1_2_f8 (mem_rd<0>)
     LUT4:I3->O           11   0.648   0.000  MEMMUX/T<0>1 (_wd<0>)
     FDCE:D                    0.252          REG/regist_2_0
    ----------------------------------------
    Total                     10.797ns (6.806ns logic, 3.991ns route)
                                       (63.0% logic, 37.0% route)

=========================================================================
Timing constraint: Default OFFSET IN BEFORE for Clock 'CLOCK/clkout1'
  Total number of paths / destination ports: 64480 / 584
-------------------------------------------------------------------------
Offset:              11.727ns (Levels of Logic = 12)
  Source:            instruction<2> (PAD)
  Destination:       REG/regist_3_7 (FF)
  Destination Clock: CLOCK/clkout1 rising

  Data Path: instruction<2> to REG/regist_3_7
                                Gate     Net
    Cell:in->out      fanout   Delay   Delay  Logical Name (Net Name)
    ----------------------------------------  ------------
     IBUF:I->O            17   0.849   1.194  instruction_2_IBUF (instruction_2_IBUF)
     LUT3:I0->O            1   0.648   0.000  REG/mux8_2_f5_F (N12)
     MUXF5:I0->O          33   0.276   1.266  REG/mux8_2_f5 (_rd2<0>)
     LUT4:I3->O            1   0.648   0.500  ALUMUX/T<0>1 (alu_b<0>)
     LUT2:I1->O            1   0.643   0.000  ALU/Madd_out_lut<0> (ALU/Madd_out_lut<0>)
     MUXCY:S->O            1   0.632   0.000  ALU/Madd_out_cy<0> (ALU/Madd_out_cy<0>)
     XORCY:CI->O          73   0.844   1.275  ALU/Madd_out_xor<1> (alu_c<1>)
     MUXF5:S->O            1   0.756   0.000  MEM/Mmux__COND_1_5_f5 (MEM/Mmux__COND_1_5_f5)
     MUXF6:I1->O           1   0.291   0.000  MEM/Mmux__COND_1_4_f6 (MEM/Mmux__COND_1_4_f6)
     MUXF7:I1->O           1   0.291   0.000  MEM/Mmux__COND_1_3_f7 (MEM/Mmux__COND_1_3_f7)
     MUXF8:I1->O           1   0.291   0.423  MEM/Mmux__COND_1_2_f8 (mem_rd<0>)
     LUT4:I3->O           11   0.648   0.000  MEMMUX/T<0>1 (_wd<0>)
     FDCE:D                    0.252          REG/regist_2_0
    ----------------------------------------
    Total                     11.727ns (7.069ns logic, 4.658ns route)
                                       (60.3% logic, 39.7% route)

=========================================================================
Timing constraint: Default OFFSET OUT AFTER for Clock 'CLOCK/clkout1'
  Total number of paths / destination ports: 35574 / 28
-------------------------------------------------------------------------
Offset:              17.209ns (Levels of Logic = 13)
  Source:            REG/regist_0_0 (FF)
  Destination:       bnum<6> (PAD)
  Source Clock:      CLOCK/clkout1 rising

  Data Path: REG/regist_0_0 to bnum<6>
                                Gate     Net
    Cell:in->out      fanout   Delay   Delay  Logical Name (Net Name)
    ----------------------------------------  ------------
     FDCE:C->Q             2   0.591   0.527  REG/regist_0_0 (REG/regist_0_0)
     LUT3:I1->O            1   0.643   0.000  REG/mux8_2_f5_F (N12)
     MUXF5:I0->O          33   0.276   1.266  REG/mux8_2_f5 (_rd2<0>)
     LUT4:I3->O            1   0.648   0.500  ALUMUX/T<0>1 (alu_b<0>)
     LUT2:I1->O            1   0.643   0.000  ALU/Madd_out_lut<0> (ALU/Madd_out_lut<0>)
     MUXCY:S->O            1   0.632   0.000  ALU/Madd_out_cy<0> (ALU/Madd_out_cy<0>)
     XORCY:CI->O          73   0.844   1.275  ALU/Madd_out_xor<1> (alu_c<1>)
     MUXF5:S->O            1   0.756   0.000  MEM/Mmux__COND_1_5_f5 (MEM/Mmux__COND_1_5_f5)
     MUXF6:I1->O           1   0.291   0.000  MEM/Mmux__COND_1_4_f6 (MEM/Mmux__COND_1_4_f6)
     MUXF7:I1->O           1   0.291   0.000  MEM/Mmux__COND_1_3_f7 (MEM/Mmux__COND_1_3_f7)
     MUXF8:I1->O           1   0.291   0.423  MEM/Mmux__COND_1_2_f8 (mem_rd<0>)
     LUT4:I3->O           11   0.648   1.076  MEMMUX/T<0>1 (_wd<0>)
     LUT4:I0->O            1   0.648   0.420  SNUM/Mrom_seg21 (snum_2_OBUF)
     OBUF:I->O                 4.520          snum_2_OBUF (snum<2>)
    ----------------------------------------
    Total                     17.209ns (11.722ns logic, 5.487ns route)
                                       (68.1% logic, 31.9% route)

=========================================================================
Timing constraint: Default path analysis
  Total number of paths / destination ports: 35665 / 14
-------------------------------------------------------------------------
Delay:               18.139ns (Levels of Logic = 14)
  Source:            instruction<2> (PAD)
  Destination:       bnum<6> (PAD)

  Data Path: instruction<2> to bnum<6>
                                Gate     Net
    Cell:in->out      fanout   Delay   Delay  Logical Name (Net Name)
    ----------------------------------------  ------------
     IBUF:I->O            17   0.849   1.194  instruction_2_IBUF (instruction_2_IBUF)
     LUT3:I0->O            1   0.648   0.000  REG/mux8_2_f5_F (N12)
     MUXF5:I0->O          33   0.276   1.266  REG/mux8_2_f5 (_rd2<0>)
     LUT4:I3->O            1   0.648   0.500  ALUMUX/T<0>1 (alu_b<0>)
     LUT2:I1->O            1   0.643   0.000  ALU/Madd_out_lut<0> (ALU/Madd_out_lut<0>)
     MUXCY:S->O            1   0.632   0.000  ALU/Madd_out_cy<0> (ALU/Madd_out_cy<0>)
     XORCY:CI->O          73   0.844   1.275  ALU/Madd_out_xor<1> (alu_c<1>)
     MUXF5:S->O            1   0.756   0.000  MEM/Mmux__COND_1_5_f5 (MEM/Mmux__COND_1_5_f5)
     MUXF6:I1->O           1   0.291   0.000  MEM/Mmux__COND_1_4_f6 (MEM/Mmux__COND_1_4_f6)
     MUXF7:I1->O           1   0.291   0.000  MEM/Mmux__COND_1_3_f7 (MEM/Mmux__COND_1_3_f7)
     MUXF8:I1->O           1   0.291   0.423  MEM/Mmux__COND_1_2_f8 (mem_rd<0>)
     LUT4:I3->O           11   0.648   1.076  MEMMUX/T<0>1 (_wd<0>)
     LUT4:I0->O            1   0.648   0.420  SNUM/Mrom_seg21 (snum_2_OBUF)
     OBUF:I->O                 4.520          snum_2_OBUF (snum<2>)
    ----------------------------------------
    Total                     18.139ns (11.985ns logic, 6.154ns route)
                                       (66.1% logic, 33.9% route)

=========================================================================


Total REAL time to Xst completion: 4.00 secs
Total CPU time to Xst completion: 4.14 secs
 
--> 


Total memory usage is 530896 kilobytes

Number of errors   :    0 (   0 filtered)
Number of warnings :    4 (   0 filtered)
Number of infos    :    2 (   0 filtered)

