#-----------------------------------------------------------
# PlanAhead v14.7 (64-bit)
# Build 321239 by xbuild on Fri Sep 27 19:24:36 MDT 2013
# Start of session at: Tue Apr 24 19:38:50 2018
# Process ID: 8831
# Log file: /csehome/ld15/RippleCarryAdder/planAhead_run_2/planAhead.log
# Journal file: /csehome/ld15/RippleCarryAdder/planAhead_run_2/planAhead.jou
#-----------------------------------------------------------
INFO: [Common 17-78] Attempting to get a license: PlanAhead
INFO: [Common 17-290] Got license for PlanAhead
INFO: [Common 17-86] Your PlanAhead license expires in -754 day(s)
INFO: [Device 21-36] Loading parts and site information from /opt/Xilinx/14.7/ISE_DS/PlanAhead/data/parts/arch.xml
Parsing RTL primitives file [/opt/Xilinx/14.7/ISE_DS/PlanAhead/data/parts/xilinx/rtl/prims/rtl_prims.xml]
Finished parsing RTL primitives file [/opt/Xilinx/14.7/ISE_DS/PlanAhead/data/parts/xilinx/rtl/prims/rtl_prims.xml]
start_gui
source /csehome/ld15/RippleCarryAdder/pa.fromNetlist.tcl
# create_project -name RippleCarryAdder -dir "/csehome/ld15/RippleCarryAdder/planAhead_run_2" -part xc3s50antqg144-4
# set_property design_mode GateLvl [get_property srcset [current_run -impl]]
# set_property edif_top_file "/csehome/ld15/RippleCarryAdder/RippleCarryAdder.ngc" [ get_property srcset [ current_run ] ]
# add_files -norecurse { {/csehome/ld15/RippleCarryAdder} }
# set_param project.pinAheadLayout  yes
# set_property target_constrs_file "RippleCarryAdder.ucf" [current_fileset -constrset]
Adding file '/csehome/ld15/RippleCarryAdder/RippleCarryAdder.ucf' to fileset 'constrs_1'
# add_files [list {RippleCarryAdder.ucf}] -fileset [get_property constrset [current_run]]
# link_design
Design is defaulting to srcset: sources_1
Design is defaulting to constrset: constrs_1
Design is defaulting to project part: xc3s50antqg144-4
Release 14.7 - ngc2edif P.20131013 (lin64)
Copyright (c) 1995-2013 Xilinx, Inc.  All rights reserved.

Release 14.7 - ngc2edif P.20131013 (lin64)
Copyright (c) 1995-2013 Xilinx, Inc.  All rights reserved.
Reading design RippleCarryAdder.ngc ...
WARNING:NetListWriters:298 - No output is written to RippleCarryAdder.xncf,
   ignored.
Processing design ...
   Preping design's networks ...
   Preping design's macros ...
  finished :Prep
Writing EDIF netlist file RippleCarryAdder.edif ...
ngc2edif: Total memory usage is 103640 kilobytes

Parsing EDIF File [./planAhead_run_2/RippleCarryAdder.data/cache/RippleCarryAdder_ngc_3fc74a69.edif]
Finished Parsing EDIF File [./planAhead_run_2/RippleCarryAdder.data/cache/RippleCarryAdder_ngc_3fc74a69.edif]
INFO: [Designutils 20-910] Reading macro library /opt/Xilinx/14.7/ISE_DS/PlanAhead/data/./parts/xilinx/spartan3a/hd_int_macros.edn
Parsing EDIF File [/opt/Xilinx/14.7/ISE_DS/PlanAhead/data/./parts/xilinx/spartan3a/hd_int_macros.edn]
Finished Parsing EDIF File [/opt/Xilinx/14.7/ISE_DS/PlanAhead/data/./parts/xilinx/spartan3a/hd_int_macros.edn]
Loading clock regions from /opt/Xilinx/14.7/ISE_DS/PlanAhead/data/parts/xilinx/spartan3a/spartan3a/xc3s50an/ClockRegion.xml
Loading clock buffers from /opt/Xilinx/14.7/ISE_DS/PlanAhead/data/parts/xilinx/spartan3a/spartan3a/xc3s50an/ClockBuffers.xml
Loading package from /opt/Xilinx/14.7/ISE_DS/PlanAhead/data/parts/xilinx/spartan3a/spartan3a/xc3s50an/tqg144/Package.xml
Loading io standards from /opt/Xilinx/14.7/ISE_DS/PlanAhead/data/./parts/xilinx/spartan3a/IOStandards.xml
INFO: [Device 21-19] Loading pkg sso from /opt/Xilinx/14.7/ISE_DS/PlanAhead/data/parts/xilinx/spartan3a/spartan3a/xc3s50an/tqg144/SSORules.xml
Loading list of drcs for the architecture : /opt/Xilinx/14.7/ISE_DS/PlanAhead/data/./parts/xilinx/spartan3a/drc.xml
INFO: [Timing 38-77] Reading timing library /opt/Xilinx/14.7/ISE_DS/PlanAhead/data/parts/xilinx/spartan3a/spartan3a/spartan3a-4.lib.
INFO: [Timing 38-34] Done reading timing library /opt/Xilinx/14.7/ISE_DS/PlanAhead/data/parts/xilinx/spartan3a/spartan3a/spartan3a-4.lib.
Parsing UCF File [/csehome/ld15/RippleCarryAdder/RippleCarryAdder.ucf]
Finished Parsing UCF File [/csehome/ld15/RippleCarryAdder/RippleCarryAdder.ucf]
INFO: [Project 1-111] Unisim Transformation Summary:
No Unisim elements were transformed.

Phase 0 | Netlist Checksum: 1cb88bbc
startgroup
set_property package_pin P6 [get_ports {s[1]}]
endgroup
startgroup
set_property package_pin P87 [get_ports c2]
endgroup
startgroup
set_property package_pin P6 [get_ports {s[1]}]
endgroup
startgroup
set_property package_pin P90 [get_ports {s[0]}]
endgroup
startgroup
set_property package_pin P88 [get_ports {s[1]}]
endgroup
save_constraints
exit
ERROR: [#UNDEF] *** Exception: ui.h.b: Found deleted key in HTclEventBroker. Verify if the classes listed here call cleanup()
HTclEvent: DEBUG_PORT_CONFIG_CHANGE   Classes: ui.views.aR 
HTclEvent: SIGNAL_MODIFY   Classes: ui.views.aR 
HTclEvent: SIGNAL_BUS_MODIFY   Classes: ui.views.aR 
HTclEvent: DEBUG_CORE_CONFIG_CHANGE   Classes: ui.views.aR 
 (See /csehome/ld15/RippleCarryAdder/planAhead_pid8831.debug)
ERROR: [Common 17-39] 'stop_gui' failed due to earlier errors.
INFO: [Common 17-206] Exiting PlanAhead at Tue Apr 24 19:39:51 2018...
INFO: [Common 17-83] Releasing license: PlanAhead
